{"/Users/nazargavucak/Desktop/Education/Shop-2.0/client/src/common-types/brand.ts": {"path":"/Users/nazargavucak/Desktop/Education/Shop-2.0/client/src/common-types/brand.ts","statementMap":{},"fnMap":{},"branchMap":{},"s":{},"f":{},"b":{},"_coverageSchema":"1a1c01bbd47fc00a2c39e90264f33305004495a9","hash":"4fd037f25cd079c34c9dfb8c872407daf4db595d"}
,"/Users/nazargavucak/Desktop/Education/Shop-2.0/client/src/common-types/index.ts": {"path":"/Users/nazargavucak/Desktop/Education/Shop-2.0/client/src/common-types/index.ts","statementMap":{},"fnMap":{},"branchMap":{},"s":{},"f":{},"b":{},"_coverageSchema":"1a1c01bbd47fc00a2c39e90264f33305004495a9","hash":"689571c324bd428fa22e531bfc8ec0d86227d26b"}
,"/Users/nazargavucak/Desktop/Education/Shop-2.0/client/src/common-types/message.ts": {"path":"/Users/nazargavucak/Desktop/Education/Shop-2.0/client/src/common-types/message.ts","statementMap":{},"fnMap":{},"branchMap":{},"s":{},"f":{},"b":{},"_coverageSchema":"1a1c01bbd47fc00a2c39e90264f33305004495a9","hash":"f1aa2d43f0aaf08f5c934a40a14768fd7274146a"}
,"/Users/nazargavucak/Desktop/Education/Shop-2.0/client/src/common-types/product.ts": {"path":"/Users/nazargavucak/Desktop/Education/Shop-2.0/client/src/common-types/product.ts","statementMap":{},"fnMap":{},"branchMap":{},"s":{},"f":{},"b":{},"_coverageSchema":"1a1c01bbd47fc00a2c39e90264f33305004495a9","hash":"7c64e32ebe22aa89dfd7abc84409aa3ea280c1df"}
,"/Users/nazargavucak/Desktop/Education/Shop-2.0/client/src/common-types/routes.ts": {"path":"/Users/nazargavucak/Desktop/Education/Shop-2.0/client/src/common-types/routes.ts","statementMap":{},"fnMap":{},"branchMap":{},"s":{},"f":{},"b":{},"_coverageSchema":"1a1c01bbd47fc00a2c39e90264f33305004495a9","hash":"210ce05503550f3de293c6168b8cfa7963a2f1fe"}
,"/Users/nazargavucak/Desktop/Education/Shop-2.0/client/src/common-types/type.ts": {"path":"/Users/nazargavucak/Desktop/Education/Shop-2.0/client/src/common-types/type.ts","statementMap":{},"fnMap":{},"branchMap":{},"s":{},"f":{},"b":{},"_coverageSchema":"1a1c01bbd47fc00a2c39e90264f33305004495a9","hash":"048b055e20a19ac6012f332f87eab33e34b1b2f7"}
,"/Users/nazargavucak/Desktop/Education/Shop-2.0/client/src/common-types/urls.ts": {"path":"/Users/nazargavucak/Desktop/Education/Shop-2.0/client/src/common-types/urls.ts","statementMap":{},"fnMap":{},"branchMap":{},"s":{},"f":{},"b":{},"_coverageSchema":"1a1c01bbd47fc00a2c39e90264f33305004495a9","hash":"03c61ce4f7509eeea6c6ba66e04298e64566eb3e"}
,"/Users/nazargavucak/Desktop/Education/Shop-2.0/client/src/common-types/user.ts": {"path":"/Users/nazargavucak/Desktop/Education/Shop-2.0/client/src/common-types/user.ts","statementMap":{},"fnMap":{},"branchMap":{},"s":{},"f":{},"b":{},"_coverageSchema":"1a1c01bbd47fc00a2c39e90264f33305004495a9","hash":"e49a14989f3c5a38dafdd9e4a0860ba571ef8b9b"}
,"/Users/nazargavucak/Desktop/Education/Shop-2.0/client/src/constants/axios.ts": {"path":"/Users/nazargavucak/Desktop/Education/Shop-2.0/client/src/constants/axios.ts","statementMap":{"0":{"start":{"line":1,"column":26},"end":{"line":1,"column":53}},"1":{"start":{"line":3,"column":36},"end":{"line":3,"column":54}},"2":{"start":{"line":5,"column":33},"end":{"line":5,"column":54}},"3":{"start":{"line":7,"column":33},"end":{"line":7,"column":57}}},"fnMap":{},"branchMap":{},"s":{"0":1,"1":1,"2":1,"3":1},"f":{},"b":{},"_coverageSchema":"1a1c01bbd47fc00a2c39e90264f33305004495a9","hash":"539a360498c2e35636966021b2b6d2cb56a9dc5d"}
,"/Users/nazargavucak/Desktop/Education/Shop-2.0/client/src/constants/index.ts": {"path":"/Users/nazargavucak/Desktop/Education/Shop-2.0/client/src/constants/index.ts","statementMap":{},"fnMap":{},"branchMap":{},"s":{},"f":{},"b":{},"_coverageSchema":"1a1c01bbd47fc00a2c39e90264f33305004495a9","hash":"b25c520385e5d4f5dcc566690b9c9fba770afffc"}
,"/Users/nazargavucak/Desktop/Education/Shop-2.0/client/src/store/slices/auth.ts": {"path":"/Users/nazargavucak/Desktop/Education/Shop-2.0/client/src/store/slices/auth.ts","statementMap":{"0":{"start":{"line":17,"column":32},"end":{"line":21,"column":1}},"1":{"start":{"line":23,"column":18},"end":{"line":41,"column":2}},"2":{"start":{"line":30,"column":6},"end":{"line":30,"column":27}},"3":{"start":{"line":34,"column":6},"end":{"line":34,"column":27}},"4":{"start":{"line":38,"column":6},"end":{"line":38,"column":24}},"5":{"start":{"line":43,"column":15},"end":{"line":59,"column":1}},"6":{"start":{"line":43,"column":46},"end":{"line":59,"column":1}},"7":{"start":{"line":44,"column":2},"end":{"line":58,"column":3}},"8":{"start":{"line":45,"column":21},"end":{"line":47,"column":6}},"9":{"start":{"line":49,"column":4},"end":{"line":49,"column":61}},"10":{"start":{"line":51,"column":4},"end":{"line":51,"column":44}},"11":{"start":{"line":53,"column":4},"end":{"line":53,"column":30}},"12":{"start":{"line":55,"column":4},"end":{"line":55,"column":43}},"13":{"start":{"line":57,"column":4},"end":{"line":57,"column":19}},"14":{"start":{"line":61,"column":15},"end":{"line":77,"column":1}},"15":{"start":{"line":61,"column":46},"end":{"line":77,"column":1}},"16":{"start":{"line":62,"column":2},"end":{"line":76,"column":3}},"17":{"start":{"line":63,"column":4},"end":{"line":63,"column":39}},"18":{"start":{"line":65,"column":21},"end":{"line":67,"column":6}},"19":{"start":{"line":69,"column":4},"end":{"line":69,"column":44}},"20":{"start":{"line":71,"column":4},"end":{"line":71,"column":31}},"21":{"start":{"line":73,"column":4},"end":{"line":73,"column":43}},"22":{"start":{"line":75,"column":4},"end":{"line":75,"column":19}},"23":{"start":{"line":79,"column":16},"end":{"line":89,"column":1}},"24":{"start":{"line":79,"column":22},"end":{"line":89,"column":1}},"25":{"start":{"line":80,"column":2},"end":{"line":88,"column":3}},"26":{"start":{"line":81,"column":21},"end":{"line":81,"column":67}},"27":{"start":{"line":83,"column":4},"end":{"line":83,"column":44}},"28":{"start":{"line":85,"column":4},"end":{"line":85,"column":25}},"29":{"start":{"line":87,"column":4},"end":{"line":87,"column":39}},"30":{"start":{"line":91,"column":16},"end":{"line":95,"column":1}},"31":{"start":{"line":91,"column":22},"end":{"line":95,"column":1}},"32":{"start":{"line":92,"column":2},"end":{"line":92,"column":35}},"33":{"start":{"line":94,"column":2},"end":{"line":94,"column":42}},"34":{"start":{"line":97,"column":19},"end":{"line":97,"column":36}},"35":{"start":{"line":99,"column":20},"end":{"line":99,"column":37}},"36":{"start":{"line":101,"column":18},"end":{"line":109,"column":10}}},"fnMap":{"0":{"name":"(anonymous_0)","decl":{"start":{"line":29,"column":13},"end":{"line":29,"column":14}},"loc":{"start":{"line":29,"column":72},"end":{"line":31,"column":5}},"line":29},"1":{"name":"(anonymous_1)","decl":{"start":{"line":33,"column":13},"end":{"line":33,"column":14}},"loc":{"start":{"line":33,"column":69},"end":{"line":35,"column":5}},"line":33},"2":{"name":"(anonymous_2)","decl":{"start":{"line":37,"column":15},"end":{"line":37,"column":16}},"loc":{"start":{"line":37,"column":37},"end":{"line":39,"column":5}},"line":37},"3":{"name":"(anonymous_3)","decl":{"start":{"line":43,"column":15},"end":{"line":43,"column":16}},"loc":{"start":{"line":43,"column":46},"end":{"line":59,"column":1}},"line":43},"4":{"name":"(anonymous_4)","decl":{"start":{"line":43,"column":46},"end":{"line":43,"column":47}},"loc":{"start":{"line":43,"column":79},"end":{"line":59,"column":1}},"line":43},"5":{"name":"(anonymous_5)","decl":{"start":{"line":61,"column":15},"end":{"line":61,"column":16}},"loc":{"start":{"line":61,"column":46},"end":{"line":77,"column":1}},"line":61},"6":{"name":"(anonymous_6)","decl":{"start":{"line":61,"column":46},"end":{"line":61,"column":47}},"loc":{"start":{"line":61,"column":79},"end":{"line":77,"column":1}},"line":61},"7":{"name":"(anonymous_7)","decl":{"start":{"line":79,"column":16},"end":{"line":79,"column":17}},"loc":{"start":{"line":79,"column":22},"end":{"line":89,"column":1}},"line":79},"8":{"name":"(anonymous_8)","decl":{"start":{"line":79,"column":22},"end":{"line":79,"column":23}},"loc":{"start":{"line":79,"column":55},"end":{"line":89,"column":1}},"line":79},"9":{"name":"(anonymous_9)","decl":{"start":{"line":91,"column":16},"end":{"line":91,"column":17}},"loc":{"start":{"line":91,"column":22},"end":{"line":95,"column":1}},"line":91},"10":{"name":"(anonymous_10)","decl":{"start":{"line":91,"column":22},"end":{"line":91,"column":23}},"loc":{"start":{"line":91,"column":55},"end":{"line":95,"column":1}},"line":91}},"branchMap":{},"s":{"0":1,"1":1,"2":1,"3":1,"4":1,"5":1,"6":0,"7":0,"8":0,"9":0,"10":0,"11":0,"12":0,"13":0,"14":1,"15":0,"16":0,"17":0,"18":0,"19":0,"20":0,"21":0,"22":0,"23":1,"24":0,"25":0,"26":0,"27":0,"28":0,"29":0,"30":1,"31":0,"32":0,"33":0,"34":1,"35":1,"36":1},"f":{"0":1,"1":1,"2":1,"3":0,"4":0,"5":0,"6":0,"7":0,"8":0,"9":0,"10":0},"b":{},"_coverageSchema":"1a1c01bbd47fc00a2c39e90264f33305004495a9","hash":"520b0467de8979dd9d758b64baed90f5182a14e7"}
,"/Users/nazargavucak/Desktop/Education/Shop-2.0/client/src/store/slices/basket.ts": {"path":"/Users/nazargavucak/Desktop/Education/Shop-2.0/client/src/store/slices/basket.ts","statementMap":{"0":{"start":{"line":21,"column":34},"end":{"line":27,"column":1}},"1":{"start":{"line":29,"column":20},"end":{"line":47,"column":2}},"2":{"start":{"line":36,"column":6},"end":{"line":36,"column":27}},"3":{"start":{"line":40,"column":6},"end":{"line":40,"column":28}},"4":{"start":{"line":44,"column":6},"end":{"line":44,"column":33}},"5":{"start":{"line":49,"column":22},"end":{"line":64,"column":1}},"6":{"start":{"line":49,"column":28},"end":{"line":64,"column":1}},"7":{"start":{"line":50,"column":2},"end":{"line":63,"column":3}},"8":{"start":{"line":51,"column":4},"end":{"line":51,"column":41}},"9":{"start":{"line":53,"column":21},"end":{"line":53,"column":63}},"10":{"start":{"line":55,"column":4},"end":{"line":57,"column":12}},"11":{"start":{"line":56,"column":6},"end":{"line":56,"column":44}},"12":{"start":{"line":59,"column":4},"end":{"line":59,"column":47}},"13":{"start":{"line":61,"column":4},"end":{"line":61,"column":43}},"14":{"start":{"line":62,"column":4},"end":{"line":62,"column":19}},"15":{"start":{"line":66,"column":22},"end":{"line":75,"column":1}},"16":{"start":{"line":66,"column":44},"end":{"line":75,"column":1}},"17":{"start":{"line":67,"column":2},"end":{"line":74,"column":3}},"18":{"start":{"line":68,"column":4},"end":{"line":68,"column":62}},"19":{"start":{"line":70,"column":4},"end":{"line":70,"column":61}},"20":{"start":{"line":72,"column":4},"end":{"line":72,"column":43}},"21":{"start":{"line":73,"column":4},"end":{"line":73,"column":19}},"22":{"start":{"line":78,"column":2},"end":{"line":97,"column":3}},"23":{"start":{"line":79,"column":2},"end":{"line":97,"column":3}},"24":{"start":{"line":80,"column":4},"end":{"line":96,"column":5}},"25":{"start":{"line":81,"column":24},"end":{"line":81,"column":46}},"26":{"start":{"line":83,"column":6},"end":{"line":83,"column":43}},"27":{"start":{"line":85,"column":6},"end":{"line":85,"column":76}},"28":{"start":{"line":87,"column":6},"end":{"line":87,"column":46}},"29":{"start":{"line":89,"column":6},"end":{"line":89,"column":44}},"30":{"start":{"line":91,"column":6},"end":{"line":91,"column":69}},"31":{"start":{"line":93,"column":6},"end":{"line":93,"column":45}},"32":{"start":{"line":95,"column":6},"end":{"line":95,"column":21}},"33":{"start":{"line":99,"column":20},"end":{"line":105,"column":10}},"34":{"start":{"line":107,"column":21},"end":{"line":107,"column":40}},"35":{"start":{"line":109,"column":22},"end":{"line":109,"column":41}}},"fnMap":{"0":{"name":"(anonymous_0)","decl":{"start":{"line":35,"column":13},"end":{"line":35,"column":14}},"loc":{"start":{"line":35,"column":74},"end":{"line":37,"column":5}},"line":35},"1":{"name":"(anonymous_1)","decl":{"start":{"line":39,"column":14},"end":{"line":39,"column":15}},"loc":{"start":{"line":39,"column":75},"end":{"line":41,"column":5}},"line":39},"2":{"name":"(anonymous_2)","decl":{"start":{"line":43,"column":19},"end":{"line":43,"column":20}},"loc":{"start":{"line":43,"column":82},"end":{"line":45,"column":5}},"line":43},"3":{"name":"(anonymous_3)","decl":{"start":{"line":49,"column":22},"end":{"line":49,"column":23}},"loc":{"start":{"line":49,"column":28},"end":{"line":64,"column":1}},"line":49},"4":{"name":"(anonymous_4)","decl":{"start":{"line":49,"column":28},"end":{"line":49,"column":29}},"loc":{"start":{"line":49,"column":61},"end":{"line":64,"column":1}},"line":49},"5":{"name":"(anonymous_5)","decl":{"start":{"line":55,"column":15},"end":{"line":55,"column":16}},"loc":{"start":{"line":55,"column":21},"end":{"line":57,"column":5}},"line":55},"6":{"name":"(anonymous_6)","decl":{"start":{"line":66,"column":22},"end":{"line":66,"column":23}},"loc":{"start":{"line":66,"column":44},"end":{"line":75,"column":1}},"line":66},"7":{"name":"(anonymous_7)","decl":{"start":{"line":66,"column":44},"end":{"line":66,"column":45}},"loc":{"start":{"line":66,"column":56},"end":{"line":75,"column":1}},"line":66},"8":{"name":"(anonymous_8)","decl":{"start":{"line":78,"column":2},"end":{"line":78,"column":3}},"loc":{"start":{"line":79,"column":2},"end":{"line":97,"column":3}},"line":79},"9":{"name":"(anonymous_9)","decl":{"start":{"line":79,"column":2},"end":{"line":79,"column":3}},"loc":{"start":{"line":79,"column":32},"end":{"line":97,"column":3}},"line":79}},"branchMap":{},"s":{"0":1,"1":1,"2":0,"3":0,"4":0,"5":1,"6":0,"7":0,"8":0,"9":0,"10":0,"11":0,"12":0,"13":0,"14":0,"15":1,"16":0,"17":0,"18":0,"19":0,"20":0,"21":0,"22":1,"23":0,"24":0,"25":0,"26":0,"27":0,"28":0,"29":0,"30":0,"31":0,"32":0,"33":1,"34":1,"35":1},"f":{"0":0,"1":0,"2":0,"3":0,"4":0,"5":0,"6":0,"7":0,"8":0,"9":0},"b":{},"_coverageSchema":"1a1c01bbd47fc00a2c39e90264f33305004495a9","hash":"189e2b9aac53e43aa5f7ccd238748fa94c101d65"}
,"/Users/nazargavucak/Desktop/Education/Shop-2.0/client/src/store/slices/brand-type.ts": {"path":"/Users/nazargavucak/Desktop/Education/Shop-2.0/client/src/store/slices/brand-type.ts","statementMap":{"0":{"start":{"line":19,"column":37},"end":{"line":25,"column":1}},"1":{"start":{"line":27,"column":23},"end":{"line":45,"column":2}},"2":{"start":{"line":34,"column":6},"end":{"line":34,"column":27}},"3":{"start":{"line":38,"column":6},"end":{"line":38,"column":29}},"4":{"start":{"line":42,"column":6},"end":{"line":42,"column":28}},"5":{"start":{"line":47,"column":18},"end":{"line":57,"column":1}},"6":{"start":{"line":47,"column":24},"end":{"line":57,"column":1}},"7":{"start":{"line":48,"column":2},"end":{"line":56,"column":3}},"8":{"start":{"line":49,"column":21},"end":{"line":49,"column":65}},"9":{"start":{"line":51,"column":4},"end":{"line":51,"column":46}},"10":{"start":{"line":53,"column":4},"end":{"line":53,"column":43}},"11":{"start":{"line":55,"column":4},"end":{"line":55,"column":19}},"12":{"start":{"line":59,"column":17},"end":{"line":69,"column":1}},"13":{"start":{"line":59,"column":35},"end":{"line":69,"column":1}},"14":{"start":{"line":60,"column":2},"end":{"line":68,"column":3}},"15":{"start":{"line":61,"column":4},"end":{"line":61,"column":60}},"16":{"start":{"line":63,"column":4},"end":{"line":63,"column":49}},"17":{"start":{"line":65,"column":4},"end":{"line":65,"column":43}},"18":{"start":{"line":67,"column":4},"end":{"line":67,"column":19}},"19":{"start":{"line":71,"column":17},"end":{"line":81,"column":1}},"20":{"start":{"line":71,"column":23},"end":{"line":81,"column":1}},"21":{"start":{"line":72,"column":2},"end":{"line":80,"column":3}},"22":{"start":{"line":73,"column":21},"end":{"line":73,"column":64}},"23":{"start":{"line":75,"column":4},"end":{"line":75,"column":45}},"24":{"start":{"line":77,"column":4},"end":{"line":77,"column":43}},"25":{"start":{"line":79,"column":4},"end":{"line":79,"column":19}},"26":{"start":{"line":83,"column":16},"end":{"line":93,"column":1}},"27":{"start":{"line":83,"column":34},"end":{"line":93,"column":1}},"28":{"start":{"line":84,"column":2},"end":{"line":92,"column":3}},"29":{"start":{"line":85,"column":4},"end":{"line":85,"column":59}},"30":{"start":{"line":87,"column":4},"end":{"line":87,"column":47}},"31":{"start":{"line":89,"column":4},"end":{"line":89,"column":43}},"32":{"start":{"line":91,"column":4},"end":{"line":91,"column":19}},"33":{"start":{"line":95,"column":23},"end":{"line":103,"column":10}},"34":{"start":{"line":105,"column":24},"end":{"line":105,"column":46}},"35":{"start":{"line":107,"column":25},"end":{"line":107,"column":47}}},"fnMap":{"0":{"name":"(anonymous_0)","decl":{"start":{"line":33,"column":13},"end":{"line":33,"column":14}},"loc":{"start":{"line":33,"column":77},"end":{"line":35,"column":5}},"line":33},"1":{"name":"(anonymous_1)","decl":{"start":{"line":37,"column":15},"end":{"line":37,"column":16}},"loc":{"start":{"line":37,"column":79},"end":{"line":39,"column":5}},"line":37},"2":{"name":"(anonymous_2)","decl":{"start":{"line":41,"column":14},"end":{"line":41,"column":15}},"loc":{"start":{"line":41,"column":77},"end":{"line":43,"column":5}},"line":41},"3":{"name":"(anonymous_3)","decl":{"start":{"line":47,"column":18},"end":{"line":47,"column":19}},"loc":{"start":{"line":47,"column":24},"end":{"line":57,"column":1}},"line":47},"4":{"name":"(anonymous_4)","decl":{"start":{"line":47,"column":24},"end":{"line":47,"column":25}},"loc":{"start":{"line":47,"column":57},"end":{"line":57,"column":1}},"line":47},"5":{"name":"(anonymous_5)","decl":{"start":{"line":59,"column":17},"end":{"line":59,"column":18}},"loc":{"start":{"line":59,"column":35},"end":{"line":69,"column":1}},"line":59},"6":{"name":"(anonymous_6)","decl":{"start":{"line":59,"column":35},"end":{"line":59,"column":36}},"loc":{"start":{"line":59,"column":47},"end":{"line":69,"column":1}},"line":59},"7":{"name":"(anonymous_7)","decl":{"start":{"line":71,"column":17},"end":{"line":71,"column":18}},"loc":{"start":{"line":71,"column":23},"end":{"line":81,"column":1}},"line":71},"8":{"name":"(anonymous_8)","decl":{"start":{"line":71,"column":23},"end":{"line":71,"column":24}},"loc":{"start":{"line":71,"column":56},"end":{"line":81,"column":1}},"line":71},"9":{"name":"(anonymous_9)","decl":{"start":{"line":83,"column":16},"end":{"line":83,"column":17}},"loc":{"start":{"line":83,"column":34},"end":{"line":93,"column":1}},"line":83},"10":{"name":"(anonymous_10)","decl":{"start":{"line":83,"column":34},"end":{"line":83,"column":35}},"loc":{"start":{"line":83,"column":46},"end":{"line":93,"column":1}},"line":83}},"branchMap":{},"s":{"0":1,"1":1,"2":0,"3":0,"4":0,"5":1,"6":0,"7":0,"8":0,"9":0,"10":0,"11":0,"12":1,"13":0,"14":0,"15":0,"16":0,"17":0,"18":0,"19":1,"20":0,"21":0,"22":0,"23":0,"24":0,"25":0,"26":1,"27":0,"28":0,"29":0,"30":0,"31":0,"32":0,"33":1,"34":1,"35":1},"f":{"0":0,"1":0,"2":0,"3":0,"4":0,"5":0,"6":0,"7":0,"8":0,"9":0,"10":0},"b":{},"_coverageSchema":"1a1c01bbd47fc00a2c39e90264f33305004495a9","hash":"248d8bea977fc2b92d80bd4463d7abad3a38d557"}
,"/Users/nazargavucak/Desktop/Education/Shop-2.0/client/src/store/slices/device.ts": {"path":"/Users/nazargavucak/Desktop/Education/Shop-2.0/client/src/store/slices/device.ts","statementMap":{"0":{"start":{"line":33,"column":38},"end":{"line":49,"column":1}},"1":{"start":{"line":51,"column":20},"end":{"line":90,"column":2}},"2":{"start":{"line":58,"column":6},"end":{"line":58,"column":27}},"3":{"start":{"line":62,"column":6},"end":{"line":62,"column":33}},"4":{"start":{"line":66,"column":6},"end":{"line":66,"column":29}},"5":{"start":{"line":70,"column":6},"end":{"line":70,"column":28}},"6":{"start":{"line":74,"column":6},"end":{"line":74,"column":27}},"7":{"start":{"line":87,"column":6},"end":{"line":87,"column":65}},"8":{"start":{"line":93,"column":2},"end":{"line":121,"column":3}},"9":{"start":{"line":93,"column":58},"end":{"line":121,"column":3}},"10":{"start":{"line":94,"column":4},"end":{"line":120,"column":5}},"11":{"start":{"line":95,"column":6},"end":{"line":95,"column":43}},"12":{"start":{"line":96,"column":31},"end":{"line":96,"column":53}},"13":{"start":{"line":98,"column":27},"end":{"line":107,"column":12}},"14":{"start":{"line":101,"column":8},"end":{"line":105,"column":9}},"15":{"start":{"line":104,"column":10},"end":{"line":104,"column":54}},"16":{"start":{"line":106,"column":8},"end":{"line":106,"column":19}},"17":{"start":{"line":109,"column":23},"end":{"line":111,"column":8}},"18":{"start":{"line":113,"column":6},"end":{"line":113,"column":67}},"19":{"start":{"line":113,"column":23},"end":{"line":113,"column":60}},"20":{"start":{"line":115,"column":6},"end":{"line":115,"column":49}},"21":{"start":{"line":117,"column":6},"end":{"line":117,"column":45}},"22":{"start":{"line":119,"column":6},"end":{"line":119,"column":21}},"23":{"start":{"line":123,"column":21},"end":{"line":137,"column":1}},"24":{"start":{"line":123,"column":37},"end":{"line":137,"column":1}},"25":{"start":{"line":124,"column":2},"end":{"line":136,"column":3}},"26":{"start":{"line":125,"column":4},"end":{"line":125,"column":41}},"27":{"start":{"line":127,"column":21},"end":{"line":127,"column":74}},"28":{"start":{"line":129,"column":4},"end":{"line":129,"column":43}},"29":{"start":{"line":131,"column":4},"end":{"line":131,"column":65}},"30":{"start":{"line":131,"column":21},"end":{"line":131,"column":58}},"31":{"start":{"line":133,"column":4},"end":{"line":133,"column":43}},"32":{"start":{"line":135,"column":4},"end":{"line":135,"column":19}},"33":{"start":{"line":139,"column":18},"end":{"line":151,"column":1}},"34":{"start":{"line":139,"column":39},"end":{"line":151,"column":1}},"35":{"start":{"line":140,"column":2},"end":{"line":150,"column":3}},"36":{"start":{"line":141,"column":4},"end":{"line":143,"column":7}},"37":{"start":{"line":145,"column":4},"end":{"line":145,"column":47}},"38":{"start":{"line":147,"column":4},"end":{"line":147,"column":43}},"39":{"start":{"line":149,"column":4},"end":{"line":149,"column":19}},"40":{"start":{"line":153,"column":20},"end":{"line":159,"column":10}},"41":{"start":{"line":161,"column":21},"end":{"line":161,"column":40}},"42":{"start":{"line":163,"column":22},"end":{"line":163,"column":41}}},"fnMap":{"0":{"name":"(anonymous_0)","decl":{"start":{"line":57,"column":13},"end":{"line":57,"column":14}},"loc":{"start":{"line":57,"column":61},"end":{"line":59,"column":5}},"line":57},"1":{"name":"(anonymous_1)","decl":{"start":{"line":61,"column":19},"end":{"line":61,"column":20}},"loc":{"start":{"line":61,"column":69},"end":{"line":63,"column":5}},"line":61},"2":{"name":"(anonymous_2)","decl":{"start":{"line":65,"column":15},"end":{"line":65,"column":16}},"loc":{"start":{"line":65,"column":63},"end":{"line":67,"column":5}},"line":65},"3":{"name":"(anonymous_3)","decl":{"start":{"line":69,"column":14},"end":{"line":69,"column":15}},"loc":{"start":{"line":69,"column":60},"end":{"line":71,"column":5}},"line":69},"4":{"name":"(anonymous_4)","decl":{"start":{"line":73,"column":13},"end":{"line":73,"column":14}},"loc":{"start":{"line":73,"column":58},"end":{"line":75,"column":5}},"line":73},"5":{"name":"(anonymous_5)","decl":{"start":{"line":77,"column":21},"end":{"line":77,"column":22}},"loc":{"start":{"line":86,"column":9},"end":{"line":88,"column":5}},"line":86},"6":{"name":"(anonymous_6)","decl":{"start":{"line":93,"column":2},"end":{"line":93,"column":3}},"loc":{"start":{"line":93,"column":58},"end":{"line":121,"column":3}},"line":93},"7":{"name":"(anonymous_7)","decl":{"start":{"line":93,"column":58},"end":{"line":93,"column":59}},"loc":{"start":{"line":93,"column":88},"end":{"line":121,"column":3}},"line":93},"8":{"name":"(anonymous_8)","decl":{"start":{"line":98,"column":60},"end":{"line":98,"column":61}},"loc":{"start":{"line":98,"column":74},"end":{"line":107,"column":7}},"line":98},"9":{"name":"(anonymous_9)","decl":{"start":{"line":113,"column":17},"end":{"line":113,"column":18}},"loc":{"start":{"line":113,"column":23},"end":{"line":113,"column":60}},"line":113},"10":{"name":"(anonymous_10)","decl":{"start":{"line":123,"column":21},"end":{"line":123,"column":22}},"loc":{"start":{"line":123,"column":37},"end":{"line":137,"column":1}},"line":123},"11":{"name":"(anonymous_11)","decl":{"start":{"line":123,"column":37},"end":{"line":123,"column":38}},"loc":{"start":{"line":123,"column":70},"end":{"line":137,"column":1}},"line":123},"12":{"name":"(anonymous_12)","decl":{"start":{"line":131,"column":15},"end":{"line":131,"column":16}},"loc":{"start":{"line":131,"column":21},"end":{"line":131,"column":58}},"line":131},"13":{"name":"(anonymous_13)","decl":{"start":{"line":139,"column":18},"end":{"line":139,"column":19}},"loc":{"start":{"line":139,"column":39},"end":{"line":151,"column":1}},"line":139},"14":{"name":"(anonymous_14)","decl":{"start":{"line":139,"column":39},"end":{"line":139,"column":40}},"loc":{"start":{"line":139,"column":51},"end":{"line":151,"column":1}},"line":139}},"branchMap":{"0":{"loc":{"start":{"line":101,"column":8},"end":{"line":105,"column":9}},"type":"if","locations":[{"start":{"line":101,"column":8},"end":{"line":105,"column":9}},{"start":{},"end":{}}],"line":101}},"s":{"0":1,"1":1,"2":0,"3":0,"4":0,"5":0,"6":0,"7":0,"8":1,"9":0,"10":0,"11":0,"12":0,"13":0,"14":0,"15":0,"16":0,"17":0,"18":0,"19":0,"20":0,"21":0,"22":0,"23":1,"24":0,"25":0,"26":0,"27":0,"28":0,"29":0,"30":0,"31":0,"32":0,"33":1,"34":0,"35":0,"36":0,"37":0,"38":0,"39":0,"40":1,"41":1,"42":1},"f":{"0":0,"1":0,"2":0,"3":0,"4":0,"5":0,"6":0,"7":0,"8":0,"9":0,"10":0,"11":0,"12":0,"13":0,"14":0},"b":{"0":[0,0]},"_coverageSchema":"1a1c01bbd47fc00a2c39e90264f33305004495a9","hash":"5e6664fe83cda87b30dd7b785e43cc8877557879"}
,"/Users/nazargavucak/Desktop/Education/Shop-2.0/client/src/store/slices/index.ts": {"path":"/Users/nazargavucak/Desktop/Education/Shop-2.0/client/src/store/slices/index.ts","statementMap":{},"fnMap":{},"branchMap":{},"s":{},"f":{},"b":{},"_coverageSchema":"1a1c01bbd47fc00a2c39e90264f33305004495a9","hash":"d29d046fa41637a6b50066bcb3d243b39ae63ec7"}
,"/Users/nazargavucak/Desktop/Education/Shop-2.0/client/src/utils/axios.ts": {"path":"/Users/nazargavucak/Desktop/Education/Shop-2.0/client/src/utils/axios.ts","statementMap":{"0":{"start":{"line":11,"column":25},"end":{"line":44,"column":1}},"1":{"start":{"line":12,"column":2},"end":{"line":15,"column":5}},"2":{"start":{"line":16,"column":2},"end":{"line":31,"column":4}},"3":{"start":{"line":18,"column":20},"end":{"line":18,"column":56}},"4":{"start":{"line":20,"column":6},"end":{"line":25,"column":25}},"5":{"start":{"line":26,"column":6},"end":{"line":26,"column":20}},"6":{"start":{"line":29,"column":6},"end":{"line":29,"column":35}},"7":{"start":{"line":33,"column":2},"end":{"line":43,"column":4}},"8":{"start":{"line":34,"column":18},"end":{"line":34,"column":26}},"9":{"start":{"line":37,"column":6},"end":{"line":39,"column":7}},"10":{"start":{"line":38,"column":8},"end":{"line":38,"column":44}},"11":{"start":{"line":41,"column":6},"end":{"line":41,"column":35}}},"fnMap":{"0":{"name":"(anonymous_0)","decl":{"start":{"line":11,"column":25},"end":{"line":11,"column":26}},"loc":{"start":{"line":11,"column":47},"end":{"line":44,"column":1}},"line":11},"1":{"name":"(anonymous_1)","decl":{"start":{"line":17,"column":4},"end":{"line":17,"column":5}},"loc":{"start":{"line":17,"column":21},"end":{"line":27,"column":5}},"line":17},"2":{"name":"(anonymous_2)","decl":{"start":{"line":28,"column":4},"end":{"line":28,"column":5}},"loc":{"start":{"line":28,"column":15},"end":{"line":30,"column":5}},"line":28},"3":{"name":"(anonymous_3)","decl":{"start":{"line":34,"column":4},"end":{"line":34,"column":5}},"loc":{"start":{"line":34,"column":18},"end":{"line":34,"column":26}},"line":34},"4":{"name":"(anonymous_4)","decl":{"start":{"line":36,"column":4},"end":{"line":36,"column":5}},"loc":{"start":{"line":36,"column":15},"end":{"line":42,"column":5}},"line":36}},"branchMap":{"0":{"loc":{"start":{"line":20,"column":23},"end":{"line":25,"column":24}},"type":"cond-expr","locations":[{"start":{"line":21,"column":10},"end":{"line":24,"column":11}},{"start":{"line":25,"column":10},"end":{"line":25,"column":24}}],"line":20},"1":{"loc":{"start":{"line":37,"column":6},"end":{"line":39,"column":7}},"type":"if","locations":[{"start":{"line":37,"column":6},"end":{"line":39,"column":7}},{"start":{},"end":{}}],"line":37}},"s":{"0":1,"1":0,"2":0,"3":0,"4":0,"5":0,"6":0,"7":0,"8":0,"9":0,"10":0,"11":0},"f":{"0":0,"1":0,"2":0,"3":0,"4":0},"b":{"0":[0,0],"1":[0,0]},"_coverageSchema":"1a1c01bbd47fc00a2c39e90264f33305004495a9","hash":"cde9d4af5925da4264b4f106698589fe44ca5d30"}
,"/Users/nazargavucak/Desktop/Education/Shop-2.0/client/src/utils/index.ts": {"path":"/Users/nazargavucak/Desktop/Education/Shop-2.0/client/src/utils/index.ts","statementMap":{},"fnMap":{},"branchMap":{},"s":{},"f":{},"b":{},"_coverageSchema":"1a1c01bbd47fc00a2c39e90264f33305004495a9","hash":"507abefc95806bd5794b675ac338b5bde29206c4"}
}
